<?xml version="1.0" encoding="UTF-8"?>
<!-- Generated by org.testng.reporters.JUnitXMLReporter -->
<testsuite ignored="0" hostname="DESKTOP-Q002LDD" failures="0" tests="17" name="ChromeTest" time="237.857" errors="0" timestamp="2026-03-09T15:18:53 IST">
  <testcase classname="com.cleargearFunctional.testcases.POM_ClearGear_TestClass" name="VeriFy_Login" time="5.603"/>
  <testcase classname="com.cleargearFunctional.testcases.POM_ClearGear_TestClass" name="VeriFy_AlertMenu" time="13.41"/>
  <testcase classname="com.cleargearFunctional.testcases.POM_ClearGear_TestClass" name="VeriFy_ManagerMenu" time="8.277"/>
  <testcase classname="com.cleargearFunctional.testcases.POM_ClearGear_TestClass" name="VeriFy_HistoryMenu" time="8.259"/>
  <testcase classname="com.cleargearFunctional.testcases.POM_ClearGear_TestClass" name="VeriFy_MaintenanceMenu" time="13.296"/>
  <testcase classname="com.cleargearFunctional.testcases.POM_ClearGear_TestClass" name="VeriFy_SearchMenu" time="13.372"/>
  <testcase classname="com.cleargearFunctional.testcases.POM_CG_Alert_TestClass" name="VeriFy_Login" time="5.533"/>
  <testcase classname="com.cleargearFunctional.testcases.POM_CG_Alert_TestClass" name="VeriFy_AlertMenu" time="11.451"/>
  <testcase classname="com.cleargearFunctional.testcases.POM_CG_Alert_TestClass" name="VeriFy_Activealerts_Alertpage" time="51.424"/>
  <testcase classname="com.cleargearFunctional.testcases.POM_Alert_History_Tab_TestClass" name="VeriFy_Login" time="5.524"/>
  <testcase classname="com.cleargearFunctional.testcases.POM_Alert_History_Tab_TestClass" name="VeriFy_AlertMenu" time="11.425"/>
  <testcase classname="com.cleargearFunctional.testcases.POM_Alert_History_Tab_TestClass" name="VeriFy_HistoryTAB" time="9.434"/>
  <testcase classname="com.cleargearFunctional.testcases.POM_Alert_History_Tab_TestClass" name="VeriFy_StartDate_EndDate_Field" time="5.905"/>
  <testcase classname="com.cleargearFunctional.testcases.POM_Alert_History_Tab_TestClass" name="Verify_by_Entering_StartDate_EndDate" time="9.787"/>
  <testcase classname="com.cleargearFunctional.testcases.POM_ClearGear_History_TestClass" name="VeriFy_Login" time="5.366"/>
  <testcase classname="com.cleargearFunctional.testcases.POM_ClearGear_History_TestClass" name="VeriFy_History_Page_Navigation" time="11.414"/>
  <testcase classname="com.cleargearFunctional.testcases.POM_ClearGear_History_TestClass" name="Verify_by_Entering_StartDate_EndDate" time="20.172"/>
</testsuite> <!-- ChromeTest -->
