<?xml version="1.0" encoding="UTF-8"?>
<!-- Generated by org.testng.reporters.JUnitXMLReporter -->
<testsuite ignored="0" hostname="LAPTOP-RGOJP2D1" failures="0" tests="3" name="Test" time="0.055" errors="0" timestamp="2026-01-30T08:10:10 IST">
  <testcase classname="com.cleargear.base.Base" name="@BeforeClass setup" time="-1.769740810637E9">
    <failure type="org.testng.TestNGException" message="
Parameter &amp;apos;browserName&amp;apos; is required by BeforeClass on method setup but has not been marked @Optional or defined
in D:\Clear Gear_Automation_Testing\ClearGear_Automation_V4\testng.xml">
      <![CDATA[org.testng.TestNGException: 
Parameter 'browserName' is required by BeforeClass on method setup but has not been marked @Optional or defined
in D:\Clear Gear_Automation_Testing\ClearGear_Automation_V4\testng.xml
at java.base/java.util.ArrayList.forEach(ArrayList.java:1511)
... Removed 22 stack frames]]>
    </failure>
  </testcase> <!-- @BeforeClass setup -->
  <testcase classname="com.cleargear.base.Base" name="@AfterClass teardown" time="0.0">
    <skipped/>
  </testcase> <!-- @AfterClass teardown -->
  <testcase classname="com.cleargearFunctional.testcases.Login_to_APP_Check_MainMenuPage" name="mainMenuVerification" time="0.0">
    <skipped/>
  </testcase> <!-- mainMenuVerification -->
  <testcase classname="com.cleargearFunctional.testcases.Login_to_APP_Check_MainMenuPage" name="mainMenuNavigationValidation" time="0.0">
    <skipped/>
  </testcase> <!-- mainMenuNavigationValidation -->
  <testcase classname="com.cleargearFunctional.testcases.Login_to_APP_Check_MainMenuPage" name="logoutValidation" time="0.0">
    <skipped/>
  </testcase> <!-- logoutValidation -->
</testsuite> <!-- Test -->
