<?xml version="1.0" encoding="UTF-8"?>
<testng-results ignored="0" total="2" passed="2" failed="0" skipped="0">
  <reporter-output>
  </reporter-output>
  <suite started-at="2026-03-11T19:14:39 IST" name="Default suite" finished-at="2026-03-11T19:15:07 IST" duration-ms="27815">
    <groups>
    </groups>
    <test started-at="2026-03-11T19:14:39 IST" name="Default test" finished-at="2026-03-11T19:15:07 IST" duration-ms="27815">
      <class name="com.cleargearFunctional.testcases.CG_AlertModule_Functionality_TestScripts">
        <test-method signature="verify_Login()[pri:1, instance:com.cleargearFunctional.testcases.CG_AlertModule_Functionality_TestScripts@fd07cbb]" started-at="2026-03-11T19:14:39 IST" name="verify_Login" description="Verify the Login Functionality with valid credentials" finished-at="2026-03-11T19:14:46 IST" duration-ms="7208" status="PASS">
          <reporter-output>
          </reporter-output>
        </test-method> <!-- verify_Login -->
        <test-method signature="verify_CG_T65()[pri:2, instance:com.cleargearFunctional.testcases.CG_AlertModule_Functionality_TestScripts@fd07cbb]" started-at="2026-03-11T19:14:46 IST" name="verify_CG_T65" description="Verify Active Alerts page opens from Clear Gear Main Menu" finished-at="2026-03-11T19:14:56 IST" duration-ms="9504" status="PASS">
          <reporter-output>
          </reporter-output>
        </test-method> <!-- verify_CG_T65 -->
        <test-method is-config="true" signature="afterClass()[pri:0, instance:com.cleargearFunctional.testcases.CG_AlertModule_Functionality_TestScripts@fd07cbb]" started-at="2026-03-11T19:14:57 IST" name="afterClass" finished-at="2026-03-11T19:15:07 IST" duration-ms="10180" status="PASS">
          <reporter-output>
          </reporter-output>
        </test-method> <!-- afterClass -->
      </class> <!-- com.cleargearFunctional.testcases.CG_AlertModule_Functionality_TestScripts -->
    </test> <!-- Default test -->
  </suite> <!-- Default suite -->
</testng-results>
