<?xml version="1.0" encoding="UTF-8"?>
<!-- Generated by org.testng.reporters.JUnitReportReporter -->
<testsuite hostname="DESKTOP-Q002LDD" failures="0" tests="3" name="com.cleargearFunctional.testcases.POM_CG_Alert_TestClass" time="68.408" errors="0" timestamp="2026-03-09T15:18:54 IST" skipped="0">
  <testcase classname="com.cleargearFunctional.testcases.POM_CG_Alert_TestClass" name="VeriFy_Login" time="5.533"/>
  <testcase classname="com.cleargearFunctional.testcases.POM_CG_Alert_TestClass" name="VeriFy_AlertMenu" time="11.451"/>
  <testcase classname="com.cleargearFunctional.testcases.POM_CG_Alert_TestClass" name="VeriFy_Activealerts_Alertpage" time="51.424"/>
</testsuite> <!-- com.cleargearFunctional.testcases.POM_CG_Alert_TestClass -->
