<?xml version="1.0" encoding="UTF-8"?>
<!-- Generated by org.testng.reporters.JUnitReportReporter -->
<testsuite hostname="DESKTOP-Q002LDD" failures="0" tests="6" name="com.cleargearFunctional.testcases.POM_ClearGear_TestClass" time="62.217" errors="0" timestamp="2026-03-09T15:18:54 IST" skipped="0">
  <testcase classname="com.cleargearFunctional.testcases.POM_ClearGear_TestClass" name="VeriFy_Login" time="5.603"/>
  <testcase classname="com.cleargearFunctional.testcases.POM_ClearGear_TestClass" name="VeriFy_AlertMenu" time="13.410"/>
  <testcase classname="com.cleargearFunctional.testcases.POM_ClearGear_TestClass" name="VeriFy_ManagerMenu" time="8.277"/>
  <testcase classname="com.cleargearFunctional.testcases.POM_ClearGear_TestClass" name="VeriFy_HistoryMenu" time="8.259"/>
  <testcase classname="com.cleargearFunctional.testcases.POM_ClearGear_TestClass" name="VeriFy_MaintenanceMenu" time="13.296"/>
  <testcase classname="com.cleargearFunctional.testcases.POM_ClearGear_TestClass" name="VeriFy_SearchMenu" time="13.372"/>
</testsuite> <!-- com.cleargearFunctional.testcases.POM_ClearGear_TestClass -->
