<?xml version="1.0" encoding="UTF-8"?>
<!-- Generated by org.testng.reporters.JUnitReportReporter -->
<testsuite hostname="DESKTOP-Q002LDD" failures="0" tests="5" name="com.cleargearFunctional.testcases.POM_Alert_History_Tab_TestClass" time="42.075" errors="0" timestamp="2026-03-09T15:18:54 IST" skipped="0">
  <testcase classname="com.cleargearFunctional.testcases.POM_Alert_History_Tab_TestClass" name="VeriFy_Login" time="5.524"/>
  <testcase classname="com.cleargearFunctional.testcases.POM_Alert_History_Tab_TestClass" name="VeriFy_AlertMenu" time="11.425"/>
  <testcase classname="com.cleargearFunctional.testcases.POM_Alert_History_Tab_TestClass" name="VeriFy_HistoryTAB" time="9.434"/>
  <testcase classname="com.cleargearFunctional.testcases.POM_Alert_History_Tab_TestClass" name="VeriFy_StartDate_EndDate_Field" time="5.905"/>
  <testcase classname="com.cleargearFunctional.testcases.POM_Alert_History_Tab_TestClass" name="Verify_by_Entering_StartDate_EndDate" time="9.787"/>
</testsuite> <!-- com.cleargearFunctional.testcases.POM_Alert_History_Tab_TestClass -->
