<?xml version="1.0" encoding="UTF-8"?>
<!-- Generated by org.testng.reporters.JUnitReportReporter -->
<testsuite hostname="DESKTOP-Q002LDD" failures="0" tests="7" name="com.cleargearFunctional.testcases.Test_Automation_Cleargear_TestClass" time="146.734" errors="0" timestamp="2026-02-19T14:11:31 IST" skipped="0">
  <testcase classname="com.cleargearFunctional.testcases.Test_Automation_Cleargear_TestClass" name="VeriFy_Login" time="32.074"/>
  <testcase classname="com.cleargearFunctional.testcases.Test_Automation_Cleargear_TestClass" name="VeriFy_AlertMenu" time="14.398"/>
  <testcase classname="com.cleargearFunctional.testcases.Test_Automation_Cleargear_TestClass" name="VeriFy_ManagerMenu" time="8.242"/>
  <testcase classname="com.cleargearFunctional.testcases.Test_Automation_Cleargear_TestClass" name="VeriFy_HistoryMenu" time="8.314"/>
  <testcase classname="com.cleargearFunctional.testcases.Test_Automation_Cleargear_TestClass" name="VeriFy_MaintenanceMenu" time="13.435"/>
  <testcase classname="com.cleargearFunctional.testcases.Test_Automation_Cleargear_TestClass" name="VeriFy_SearchMenu" time="13.345"/>
  <testcase classname="com.cleargearFunctional.testcases.Test_Automation_Cleargear_TestClass" name="VeriFy_Activealerts_Alertpage" time="56.926"/>
</testsuite> <!-- com.cleargearFunctional.testcases.Test_Automation_Cleargear_TestClass -->
