<?xml version="1.0" encoding="UTF-8"?>
<!-- Generated by org.testng.reporters.JUnitReportReporter -->
<testsuite hostname="Anils-MacBook-Air.local" failures="0" tests="2" name="com.cleargearFunctional.testcases.CG_AlertModule_Functionality_TestScripts" time="16.712" errors="0" timestamp="2026-03-11T19:15:07 IST" skipped="0">
  <testcase classname="com.cleargearFunctional.testcases.CG_AlertModule_Functionality_TestScripts" name="verify_Login" time="7.208"/>
  <testcase classname="com.cleargearFunctional.testcases.CG_AlertModule_Functionality_TestScripts" name="verify_CG_T65" time="9.504"/>
</testsuite> <!-- com.cleargearFunctional.testcases.CG_AlertModule_Functionality_TestScripts -->
