<?xml version="1.0" encoding="UTF-8"?>
<!-- Generated by org.testng.reporters.JUnitReportReporter -->
<testsuite hostname="LAPTOP-RGOJP2D1" failures="0" tests="6" name="com.cleargear.testcases.LoginAndLogOut" time="42.464" errors="0" timestamp="2026-01-29T18:02:53 IST" skipped="0">
  <testcase classname="com.cleargear.testcases.LoginAndLogOut" name="loginandOutverification" time="7.958">
    <system-out>
      <![CDATA[Sign_in_Page_Header is Displayed :-true
Sign_in_Page_Header  Height is :-40
Sign_in_Page_Header  Width is :-476
Sign_in_Page_Header text is :-Sign In
UsernameTab is Displayed :-true
UsernameTab Height is :-52
UsernameTab Width is :-238
UsernameTab text is :-Username
BadgeTab is Displayed :-true
BadgeTab Height is :-52
BadgeTab Width is :-238
BadgeTab text is :-Badge
Username_Text_Field is Displayed :-true
Username_Text_Field Height is :-28
Username_Text_Field Width is :-416
Password_Text_Field is Displayed :-true
Password_Text_Field  Height is :-28
Password_Text_Field  Width is :-376
Show_Password_Button is Displayed :-true
Show_Password_Button is Enabled  :-true
Username_Text_Field is Displayed :-true
Username_Text_Field Height is :-20
Username_Text_Field Width is :-105]]>
    </system-out>
  </testcase> <!-- loginandOutverification -->
  <testcase classname="com.cleargear.testcases.LoginAndLogOut" name="loginandOutvalidation" time="5.090"/>
  <testcase classname="com.cleargear.testcases.LoginAndLogOut" name="loginandOutvalidation" time="4.572"/>
  <testcase classname="com.cleargear.testcases.LoginAndLogOut" name="loginandOutverification" time="10.181">
    <system-out>
      <![CDATA[Sign_in_Page_Header is Displayed :-true
Sign_in_Page_Header  Height is :-40
Sign_in_Page_Header  Width is :-477
Sign_in_Page_Header text is :-Sign In
UsernameTab is Displayed :-true
UsernameTab Height is :-52
UsernameTab Width is :-238
UsernameTab text is :-Username
BadgeTab is Displayed :-true
BadgeTab Height is :-52
BadgeTab Width is :-238
BadgeTab text is :-Badge
Username_Text_Field is Displayed :-true
Username_Text_Field Height is :-23
Username_Text_Field Width is :-417
Password_Text_Field is Displayed :-true
Password_Text_Field  Height is :-23
Password_Text_Field  Width is :-377
Show_Password_Button is Displayed :-true
Show_Password_Button is Enabled  :-true
Username_Text_Field is Displayed :-true
Username_Text_Field Height is :-20
Username_Text_Field Width is :-105]]>
    </system-out>
  </testcase> <!-- loginandOutverification -->
  <testcase classname="com.cleargear.testcases.LoginAndLogOut" name="loginandOutvalidation" time="4.899"/>
  <testcase classname="com.cleargear.testcases.LoginAndLogOut" name="loginandOutverification" time="9.764">
    <system-out>
      <![CDATA[Sign_in_Page_Header is Displayed :-true
Sign_in_Page_Header  Height is :-40
Sign_in_Page_Header  Width is :-477
Sign_in_Page_Header text is :-Sign In
UsernameTab is Displayed :-true
UsernameTab Height is :-52
UsernameTab Width is :-238
UsernameTab text is :-Username
BadgeTab is Displayed :-true
BadgeTab Height is :-52
BadgeTab Width is :-238
BadgeTab text is :-Badge
Username_Text_Field is Displayed :-true
Username_Text_Field Height is :-23
Username_Text_Field Width is :-417
Password_Text_Field is Displayed :-true
Password_Text_Field  Height is :-23
Password_Text_Field  Width is :-377
Show_Password_Button is Displayed :-true
Show_Password_Button is Enabled  :-true
Username_Text_Field is Displayed :-true
Username_Text_Field Height is :-20
Username_Text_Field Width is :-105]]>
    </system-out>
  </testcase> <!-- loginandOutverification -->
  <system-out>
    <![CDATA[Sign_in_Page_Header is Displayed :-true
Sign_in_Page_Header  Height is :-40
Sign_in_Page_Header  Width is :-477
Sign_in_Page_Header text is :-Sign In
UsernameTab is Displayed :-true
UsernameTab Height is :-52
UsernameTab Width is :-238
UsernameTab text is :-Username
BadgeTab is Displayed :-true
BadgeTab Height is :-52
BadgeTab Width is :-238
BadgeTab text is :-Badge
Username_Text_Field is Displayed :-true
Username_Text_Field Height is :-23
Username_Text_Field Width is :-417
Password_Text_Field is Displayed :-true
Password_Text_Field  Height is :-23
Password_Text_Field  Width is :-377
Show_Password_Button is Displayed :-true
Show_Password_Button is Enabled  :-true
Username_Text_Field is Displayed :-true
Username_Text_Field Height is :-20
Username_Text_Field Width is :-105
Sign_in_Page_Header is Displayed :-true
Sign_in_Page_Header  Height is :-40
Sign_in_Page_Header  Width is :-477
Sign_in_Page_Header text is :-Sign In
UsernameTab is Displayed :-true
UsernameTab Height is :-52
UsernameTab Width is :-238
UsernameTab text is :-Username
BadgeTab is Displayed :-true
BadgeTab Height is :-52
BadgeTab Width is :-238
BadgeTab text is :-Badge
Username_Text_Field is Displayed :-true
Username_Text_Field Height is :-23
Username_Text_Field Width is :-417
Password_Text_Field is Displayed :-true
Password_Text_Field  Height is :-23
Password_Text_Field  Width is :-377
Show_Password_Button is Displayed :-true
Show_Password_Button is Enabled  :-true
Username_Text_Field is Displayed :-true
Username_Text_Field Height is :-20
Username_Text_Field Width is :-105
Sign_in_Page_Header is Displayed :-true
Sign_in_Page_Header  Height is :-40
Sign_in_Page_Header  Width is :-476
Sign_in_Page_Header text is :-Sign In
UsernameTab is Displayed :-true
UsernameTab Height is :-52
UsernameTab Width is :-238
UsernameTab text is :-Username
BadgeTab is Displayed :-true
BadgeTab Height is :-52
BadgeTab Width is :-238
BadgeTab text is :-Badge
Username_Text_Field is Displayed :-true
Username_Text_Field Height is :-28
Username_Text_Field Width is :-416
Password_Text_Field is Displayed :-true
Password_Text_Field  Height is :-28
Password_Text_Field  Width is :-376
Show_Password_Button is Displayed :-true
Show_Password_Button is Enabled  :-true
Username_Text_Field is Displayed :-true
Username_Text_Field Height is :-20
Username_Text_Field Width is :-105]]>
  </system-out>
</testsuite> <!-- com.cleargear.testcases.LoginAndLogOut -->
