<?xml version="1.0" encoding="UTF-8"?>
<!-- Generated by org.testng.reporters.JUnitReportReporter -->
<testsuite hostname="DESKTOP-Q002LDD" failures="0" tests="2" name="com.cleargearFunctional.testcases.LoginAndLogOut" time="14.590" errors="0" timestamp="2026-02-16T12:52:36 IST" skipped="0">
  <testcase classname="com.cleargearFunctional.testcases.LoginAndLogOut" name="loginandOutvalidation" time="5.038"/>
  <testcase classname="com.cleargearFunctional.testcases.LoginAndLogOut" name="loginandOutverification" time="9.552">
    <system-out>
      <![CDATA[Sign_in_Page_Header is Displayed :-true
Sign_in_Page_Header  Height is :-40
Sign_in_Page_Header  Width is :-477
Sign_in_Page_Header text is :-Sign In
UsernameTab is Displayed :-true
UsernameTab Height is :-52
UsernameTab Width is :-238
UsernameTab text is :-Username
BadgeTab is Displayed :-true
BadgeTab Height is :-52
BadgeTab Width is :-238
BadgeTab text is :-Badge
Username_Text_Field is Displayed :-true
Username_Text_Field Height is :-23
Username_Text_Field Width is :-417
Password_Text_Field is Displayed :-true
Password_Text_Field  Height is :-23
Password_Text_Field  Width is :-377
Show_Password_Button is Displayed :-true
Show_Password_Button is Enabled  :-true
Username_Text_Field is Displayed :-true
Username_Text_Field Height is :-20
Username_Text_Field Width is :-105]]>
    </system-out>
  </testcase> <!-- loginandOutverification -->
  <system-out>
    <![CDATA[Sign_in_Page_Header is Displayed :-true
Sign_in_Page_Header  Height is :-40
Sign_in_Page_Header  Width is :-477
Sign_in_Page_Header text is :-Sign In
UsernameTab is Displayed :-true
UsernameTab Height is :-52
UsernameTab Width is :-238
UsernameTab text is :-Username
BadgeTab is Displayed :-true
BadgeTab Height is :-52
BadgeTab Width is :-238
BadgeTab text is :-Badge
Username_Text_Field is Displayed :-true
Username_Text_Field Height is :-23
Username_Text_Field Width is :-417
Password_Text_Field is Displayed :-true
Password_Text_Field  Height is :-23
Password_Text_Field  Width is :-377
Show_Password_Button is Displayed :-true
Show_Password_Button is Enabled  :-true
Username_Text_Field is Displayed :-true
Username_Text_Field Height is :-20
Username_Text_Field Width is :-105]]>
  </system-out>
</testsuite> <!-- com.cleargearFunctional.testcases.LoginAndLogOut -->
