<?xml version="1.0" encoding="UTF-8"?>
<!-- Generated by org.testng.reporters.JUnitReportReporter -->
<testsuite hostname="DESKTOP-Q002LDD" failures="0" tests="5" name="com.cleargearFunctional.testcases.Login_to_APP_Check_ClearGearPage_Alert_Logout" time="-1771235456.000" errors="1" timestamp="2026-02-16T15:20:08 IST" skipped="4">
  <testcase classname="com.cleargearFunctional.testcases.Login_to_APP_Check_ClearGearPage_Alert_Logout" name="activeModule_FunctionalValidation" time="0.000">
    <skipped/>
  </testcase> <!-- activeModule_FunctionalValidation -->
  <testcase classname="com.cleargearFunctional.testcases.Login_to_APP_Check_ClearGearPage_Alert_Logout" name="setup" time="-1771235456.000">
    <error message="
Parameter &#039;browserName&#039; is required by BeforeClass on method setup but has not been marked @Optional or defined
in C:\Users\saroj\AppData\Local\Temp\testng-eclipse--1948271806\testng-customsuite.xml" type="org.testng.TestNGException">
      <![CDATA[org.testng.TestNGException: 
Parameter 'browserName' is required by BeforeClass on method setup but has not been marked @Optional or defined
in C:\Users\saroj\AppData\Local\Temp\testng-eclipse--1948271806\testng-customsuite.xml
at org.testng.internal.Parameters.createParams(Parameters.java:264)
at org.testng.internal.Parameters.createParametersForMethod(Parameters.java:352)
at org.testng.internal.Parameters.createParameters(Parameters.java:690)
at org.testng.internal.Parameters.createConfigurationParameters(Parameters.java:163)
at org.testng.internal.invokers.ConfigInvoker.invokeConfigurations(ConfigInvoker.java:313)
at org.testng.internal.invokers.TestMethodWorker.invokeBeforeClassMethods(TestMethodWorker.java:188)
at org.testng.internal.invokers.TestMethodWorker.run(TestMethodWorker.java:128)
at java.base/java.util.ArrayList.forEach(ArrayList.java:1596)
at org.testng.TestRunner.privateRun(TestRunner.java:739)
at org.testng.TestRunner.run(TestRunner.java:614)
at org.testng.SuiteRunner.runTest(SuiteRunner.java:421)
at org.testng.SuiteRunner.runSequentially(SuiteRunner.java:413)
at org.testng.SuiteRunner.privateRun(SuiteRunner.java:373)
at org.testng.SuiteRunner.run(SuiteRunner.java:312)
at org.testng.SuiteRunnerWorker.runSuite(SuiteRunnerWorker.java:52)
at org.testng.SuiteRunnerWorker.run(SuiteRunnerWorker.java:95)
at org.testng.TestNG.runSuitesSequentially(TestNG.java:1274)
at org.testng.TestNG.runSuitesLocally(TestNG.java:1208)
at org.testng.TestNG.runSuites(TestNG.java:1112)
at org.testng.TestNG.run(TestNG.java:1079)
at org.testng.remote.AbstractRemoteTestNG.run(AbstractRemoteTestNG.java:115)
at org.testng.remote.RemoteTestNG.initAndRun(RemoteTestNG.java:293)
at org.testng.remote.RemoteTestNG.main(RemoteTestNG.java:91)
]]>
    </error>
  </testcase> <!-- setup -->
  <testcase classname="com.cleargearFunctional.testcases.Login_to_APP_Check_ClearGearPage_Alert_Logout" name="loginAndNavigateToAlertModule_Verification" time="0.000">
    <skipped/>
  </testcase> <!-- loginAndNavigateToAlertModule_Verification -->
  <testcase classname="com.cleargearFunctional.testcases.Login_to_APP_Check_ClearGearPage_Alert_Logout" name="historyModule_FunctionalValidation" time="0.000">
    <skipped/>
  </testcase> <!-- historyModule_FunctionalValidation -->
  <testcase classname="com.cleargearFunctional.testcases.Login_to_APP_Check_ClearGearPage_Alert_Logout" name="statisticsModule_FunctionalValidation" time="0.000">
    <skipped/>
  </testcase> <!-- statisticsModule_FunctionalValidation -->
</testsuite> <!-- com.cleargearFunctional.testcases.Login_to_APP_Check_ClearGearPage_Alert_Logout -->
