<?xml version="1.0" encoding="UTF-8"?>
<!-- Generated by org.testng.reporters.JUnitReportReporter -->
<testsuite hostname="DESKTOP-Q002LDD" failures="0" tests="3" name="com.cleargearFunctional.testcases.POM_ClearGear_History_TestClass" time="36.952" errors="0" timestamp="2026-03-09T15:18:54 IST" skipped="0">
  <testcase classname="com.cleargearFunctional.testcases.POM_ClearGear_History_TestClass" name="VeriFy_Login" time="5.366"/>
  <testcase classname="com.cleargearFunctional.testcases.POM_ClearGear_History_TestClass" name="VeriFy_History_Page_Navigation" time="11.414"/>
  <testcase classname="com.cleargearFunctional.testcases.POM_ClearGear_History_TestClass" name="Verify_by_Entering_StartDate_EndDate" time="20.172"/>
</testsuite> <!-- com.cleargearFunctional.testcases.POM_ClearGear_History_TestClass -->
