<?xml version="1.0" encoding="UTF-8"?>
<!-- Generated by org.testng.reporters.JUnitReportReporter -->
<testsuite hostname="DESKTOP-Q002LDD" failures="0" tests="3" name="com.cleargearFunctional.testcases.POM_ClearGear_Manager_TestClass" time="60.161" errors="0" timestamp="2026-03-03T20:16:14 IST" skipped="0">
  <testcase classname="com.cleargearFunctional.testcases.POM_ClearGear_Manager_TestClass" name="VeriFy_Login" time="4.829"/>
  <testcase classname="com.cleargearFunctional.testcases.POM_ClearGear_Manager_TestClass" name="VeriFy_Manager_Menu" time="11.710"/>
  <testcase classname="com.cleargearFunctional.testcases.POM_ClearGear_Manager_TestClass" name="VeriFy_ExceptionTAB_Manager_Menu" time="43.622"/>
</testsuite> <!-- com.cleargearFunctional.testcases.POM_ClearGear_Manager_TestClass -->
