<?xml version="1.0" encoding="UTF-8"?>
<!-- Generated by org.testng.reporters.JUnitReportReporter -->
<testsuite hostname="LAPTOP-RGOJP2D1" failures="0" tests="3" name="com.cleargearFunctional.testcases.Login_to_App_Verify_Active_Module_In_Alert" time="154.805" errors="3" timestamp="2026-02-09T16:24:50 IST" skipped="0">
  <testcase classname="com.cleargearFunctional.testcases.Login_to_App_Verify_Active_Module_In_Alert" name="Verify_Active_Module_In_Alert" time="49.043">
    <error message="Expected condition failed: waiting for visibility of Proxy element for: DefaultElementLocator &#039;By.xpath: //span[.=&#039;ACTIVE ALERTS&#039;]&#039; (tried for 30 second(s) with 500 milliseconds interval)" type="org.openqa.selenium.TimeoutException">
      <![CDATA[org.openqa.selenium.TimeoutException: Expected condition failed: waiting for visibility of Proxy element for: DefaultElementLocator 'By.xpath: //span[.='ACTIVE ALERTS']' (tried for 30 second(s) with 500 milliseconds interval)
at org.openqa.selenium.support.ui.WebDriverWait.timeoutException(WebDriverWait.java:84)
at org.openqa.selenium.support.ui.FluentWait.until(FluentWait.java:228)
at com.cleargear.pages.POM_ActiveModuleCG.verifyElement(POM_ActiveModuleCG.java:62)
at com.cleargear.pages.POM_ActiveModuleCG.verifyActiveAlertsModule(POM_ActiveModuleCG.java:86)
at com.cleargearFunctional.testcases.Login_to_App_Verify_Active_Module_In_Alert.Verify_Active_Module_In_Alert(Login_to_App_Verify_Active_Module_In_Alert.java:17)
at java.base/jdk.internal.reflect.DirectMethodHandleAccessor.invoke(DirectMethodHandleAccessor.java:104)
at java.base/java.lang.reflect.Method.invoke(Method.java:577)
at org.testng.internal.invokers.MethodInvocationHelper.invokeMethod(MethodInvocationHelper.java:141)
at org.testng.internal.invokers.TestInvoker.invokeMethod(TestInvoker.java:686)
at org.testng.internal.invokers.TestInvoker.invokeTestMethod(TestInvoker.java:230)
at org.testng.internal.invokers.MethodRunner.runInSequence(MethodRunner.java:63)
at org.testng.internal.invokers.TestInvoker$MethodInvocationAgent.invoke(TestInvoker.java:992)
at org.testng.internal.invokers.TestInvoker.invokeTestMethods(TestInvoker.java:203)
at org.testng.internal.invokers.TestMethodWorker.invokeTestMethods(TestMethodWorker.java:154)
at org.testng.internal.invokers.TestMethodWorker.run(TestMethodWorker.java:134)
at java.base/java.util.ArrayList.forEach(ArrayList.java:1511)
at org.testng.TestRunner.privateRun(TestRunner.java:739)
at org.testng.TestRunner.run(TestRunner.java:614)
at org.testng.SuiteRunner.runTest(SuiteRunner.java:421)
at org.testng.SuiteRunner.runSequentially(SuiteRunner.java:413)
at org.testng.SuiteRunner.privateRun(SuiteRunner.java:373)
at org.testng.SuiteRunner.run(SuiteRunner.java:312)
at org.testng.SuiteRunnerWorker.runSuite(SuiteRunnerWorker.java:52)
at org.testng.SuiteRunnerWorker.run(SuiteRunnerWorker.java:95)
at org.testng.TestNG.runSuitesSequentially(TestNG.java:1274)
at org.testng.TestNG.runSuitesLocally(TestNG.java:1208)
at org.testng.TestNG.runSuites(TestNG.java:1112)
at org.testng.TestNG.run(TestNG.java:1079)
at org.testng.remote.AbstractRemoteTestNG.run(AbstractRemoteTestNG.java:115)
at org.testng.remote.RemoteTestNG.initAndRun(RemoteTestNG.java:293)
at org.testng.remote.RemoteTestNG.main(RemoteTestNG.java:91)
Caused by: org.openqa.selenium.NoSuchElementException: Unable to locate element: //span[.='ACTIVE ALERTS']
For documentation on this error, please visit: https://www.selenium.dev/documentation/webdriver/troubleshooting/errors#nosuchelementexception
Build info: version: '4.39.0', revision: '126f156aee'
System info: os.name: 'Windows 11', os.arch: 'amd64', os.version: '10.0', java.version: '18.0.2.1'
Driver info: org.openqa.selenium.firefox.FirefoxDriver
Command: [509044a3-d7b8-4bad-84b2-2a4cf484ac62, findElement {value=//span[.='ACTIVE ALERTS'], using=xpath}]
Capabilities {acceptInsecureCerts: true, browserName: firefox, browserVersion: 147.0.3, moz:accessibilityChecks: false, moz:buildID: 20260203002554, moz:geckodriverVersion: 0.36.0, moz:headless: false, moz:platformVersion: 10.0, moz:processID: 8056, moz:profile: C:\Users\STL\AppData\Local\..., moz:shutdownTimeout: 60000, moz:webdriverClick: true, moz:windowless: false, pageLoadStrategy: normal, platformName: windows, proxy: Proxy(), setWindowRect: true, strictFileInteractability: false, timeouts: {implicit: 0, pageLoad: 300000, script: 30000}, unhandledPromptBehavior: dismiss and notify, userAgent: Mozilla/5.0 (Windows NT 10....}
Session ID: 509044a3-d7b8-4bad-84b2-2a4cf484ac62
at java.base/jdk.internal.reflect.DirectConstructorHandleAccessor.newInstance(DirectConstructorHandleAccessor.java:67)
at java.base/java.lang.reflect.Constructor.newInstanceWithCaller(Constructor.java:499)
at java.base/java.lang.reflect.Constructor.newInstance(Constructor.java:483)
at org.openqa.selenium.remote.ErrorCodec.decode(ErrorCodec.java:167)
at org.openqa.selenium.remote.codec.w3c.W3CHttpResponseCodec.decode(W3CHttpResponseCodec.java:142)
at org.openqa.selenium.remote.codec.w3c.W3CHttpResponseCodec.decode(W3CHttpResponseCodec.java:49)
at org.openqa.selenium.remote.HttpCommandExecutor.execute(HttpCommandExecutor.java:215)
at org.openqa.selenium.remote.service.DriverCommandExecutor.invokeExecute(DriverCommandExecutor.java:216)
at org.openqa.selenium.remote.service.DriverCommandExecutor.execute(DriverCommandExecutor.java:174)
at org.openqa.selenium.remote.RemoteWebDriver.execute(RemoteWebDriver.java:561)
at org.openqa.selenium.remote.ElementLocation$ElementFinder$2.findElement(ElementLocation.java:166)
at org.openqa.selenium.remote.ElementLocation.findElement(ElementLocation.java:60)
at org.openqa.selenium.remote.RemoteWebDriver.findElement(RemoteWebDriver.java:384)
at org.openqa.selenium.remote.RemoteWebDriver.findElement(RemoteWebDriver.java:378)
at org.openqa.selenium.support.pagefactory.DefaultElementLocator.findElement(DefaultElementLocator.java:68)
at org.openqa.selenium.support.pagefactory.internal.LocatingElementHandler.invoke(LocatingElementHandler.java:38)
at jdk.proxy2/jdk.proxy2.$Proxy16.isDisplayed(Unknown Source)
at org.openqa.selenium.support.ui.ExpectedConditions.elementIfVisible(ExpectedConditions.java:308)
at org.openqa.selenium.support.ui.ExpectedConditions$10.apply(ExpectedConditions.java:294)
at org.openqa.selenium.support.ui.ExpectedConditions$10.apply(ExpectedConditions.java:291)
at org.openqa.selenium.support.ui.FluentWait.until(FluentWait.java:203)
... 29 more
]]>
    </error>
    <system-out>
      <![CDATA[Clear Gear Menu Verification Started .....]]>
    </system-out>
  </testcase> <!-- Verify_Active_Module_In_Alert -->
  <testcase classname="com.cleargearFunctional.testcases.Login_to_App_Verify_Active_Module_In_Alert" name="Verify_Active_Module_In_Alert" time="54.900">
    <error message="Expected condition failed: waiting for visibility of Proxy element for: DefaultElementLocator &#039;By.xpath: //span[.=&#039;ACTIVE ALERTS&#039;]&#039; (tried for 30 second(s) with 500 milliseconds interval)" type="org.openqa.selenium.TimeoutException">
      <![CDATA[org.openqa.selenium.TimeoutException: Expected condition failed: waiting for visibility of Proxy element for: DefaultElementLocator 'By.xpath: //span[.='ACTIVE ALERTS']' (tried for 30 second(s) with 500 milliseconds interval)
at org.openqa.selenium.support.ui.WebDriverWait.timeoutException(WebDriverWait.java:84)
at org.openqa.selenium.support.ui.FluentWait.until(FluentWait.java:228)
at com.cleargear.pages.POM_ActiveModuleCG.verifyElement(POM_ActiveModuleCG.java:62)
at com.cleargear.pages.POM_ActiveModuleCG.verifyActiveAlertsModule(POM_ActiveModuleCG.java:86)
at com.cleargearFunctional.testcases.Login_to_App_Verify_Active_Module_In_Alert.Verify_Active_Module_In_Alert(Login_to_App_Verify_Active_Module_In_Alert.java:17)
at java.base/jdk.internal.reflect.DirectMethodHandleAccessor.invoke(DirectMethodHandleAccessor.java:104)
at java.base/java.lang.reflect.Method.invoke(Method.java:577)
at org.testng.internal.invokers.MethodInvocationHelper.invokeMethod(MethodInvocationHelper.java:141)
at org.testng.internal.invokers.TestInvoker.invokeMethod(TestInvoker.java:686)
at org.testng.internal.invokers.TestInvoker.invokeTestMethod(TestInvoker.java:230)
at org.testng.internal.invokers.MethodRunner.runInSequence(MethodRunner.java:63)
at org.testng.internal.invokers.TestInvoker$MethodInvocationAgent.invoke(TestInvoker.java:992)
at org.testng.internal.invokers.TestInvoker.invokeTestMethods(TestInvoker.java:203)
at org.testng.internal.invokers.TestMethodWorker.invokeTestMethods(TestMethodWorker.java:154)
at org.testng.internal.invokers.TestMethodWorker.run(TestMethodWorker.java:134)
at java.base/java.util.ArrayList.forEach(ArrayList.java:1511)
at org.testng.TestRunner.privateRun(TestRunner.java:739)
at org.testng.TestRunner.run(TestRunner.java:614)
at org.testng.SuiteRunner.runTest(SuiteRunner.java:421)
at org.testng.SuiteRunner.runSequentially(SuiteRunner.java:413)
at org.testng.SuiteRunner.privateRun(SuiteRunner.java:373)
at org.testng.SuiteRunner.run(SuiteRunner.java:312)
at org.testng.SuiteRunnerWorker.runSuite(SuiteRunnerWorker.java:52)
at org.testng.SuiteRunnerWorker.run(SuiteRunnerWorker.java:95)
at org.testng.TestNG.runSuitesSequentially(TestNG.java:1274)
at org.testng.TestNG.runSuitesLocally(TestNG.java:1208)
at org.testng.TestNG.runSuites(TestNG.java:1112)
at org.testng.TestNG.run(TestNG.java:1079)
at org.testng.remote.AbstractRemoteTestNG.run(AbstractRemoteTestNG.java:115)
at org.testng.remote.RemoteTestNG.initAndRun(RemoteTestNG.java:293)
at org.testng.remote.RemoteTestNG.main(RemoteTestNG.java:91)
Caused by: org.openqa.selenium.NoSuchElementException: no such element: Unable to locate element: {"method":"xpath","selector":"//span[.='ACTIVE ALERTS']"}
  (Session info: MicrosoftEdge=144.0.3719.115)
For documentation on this error, please visit: https://www.selenium.dev/documentation/webdriver/troubleshooting/errors#nosuchelementexception
Build info: version: '4.39.0', revision: '126f156aee'
System info: os.name: 'Windows 11', os.arch: 'amd64', os.version: '10.0', java.version: '18.0.2.1'
Driver info: org.openqa.selenium.edge.EdgeDriver
Command: [0881586e27cc0beeb2290cf07bb86639, findElement {value=//span[.='ACTIVE ALERTS'], using=xpath}]
Capabilities {acceptInsecureCerts: false, browserName: MicrosoftEdge, browserVersion: 144.0.3719.115, fedcm:accounts: true, goog:processID: 11664, ms:edgeOptions: {debuggerAddress: localhost:62870}, msedge: {msedgedriverVersion: 144.0.3719.115 (4ee501a4f64..., userDataDir: C:\Users\STL\AppData\Local\...}, networkConnectionEnabled: false, pageLoadStrategy: normal, platformName: windows, proxy: Proxy(), se:cdp: ws://localhost:62870/devtoo..., se:cdpVersion: 144.0.3719.115, setWindowRect: true, strictFileInteractability: false, timeouts: {implicit: 0, pageLoad: 300000, script: 30000}, unhandledPromptBehavior: dismiss and notify, webauthn:extension:credBlob: true, webauthn:extension:largeBlob: true, webauthn:extension:minPinLength: true, webauthn:extension:prf: true, webauthn:virtualAuthenticators: true}
Session ID: 0881586e27cc0beeb2290cf07bb86639
at java.base/jdk.internal.reflect.DirectConstructorHandleAccessor.newInstance(DirectConstructorHandleAccessor.java:67)
at java.base/java.lang.reflect.Constructor.newInstanceWithCaller(Constructor.java:499)
at java.base/java.lang.reflect.Constructor.newInstance(Constructor.java:483)
at org.openqa.selenium.remote.ErrorCodec.decode(ErrorCodec.java:167)
at org.openqa.selenium.remote.codec.w3c.W3CHttpResponseCodec.decode(W3CHttpResponseCodec.java:142)
at org.openqa.selenium.remote.codec.w3c.W3CHttpResponseCodec.decode(W3CHttpResponseCodec.java:49)
at org.openqa.selenium.remote.HttpCommandExecutor.execute(HttpCommandExecutor.java:215)
at org.openqa.selenium.remote.service.DriverCommandExecutor.invokeExecute(DriverCommandExecutor.java:216)
at org.openqa.selenium.remote.service.DriverCommandExecutor.execute(DriverCommandExecutor.java:174)
at org.openqa.selenium.remote.RemoteWebDriver.execute(RemoteWebDriver.java:561)
at org.openqa.selenium.remote.ElementLocation$ElementFinder$2.findElement(ElementLocation.java:166)
at org.openqa.selenium.remote.ElementLocation.findElement(ElementLocation.java:60)
at org.openqa.selenium.remote.RemoteWebDriver.findElement(RemoteWebDriver.java:384)
at org.openqa.selenium.remote.RemoteWebDriver.findElement(RemoteWebDriver.java:378)
at org.openqa.selenium.support.pagefactory.DefaultElementLocator.findElement(DefaultElementLocator.java:68)
at org.openqa.selenium.support.pagefactory.internal.LocatingElementHandler.invoke(LocatingElementHandler.java:38)
at jdk.proxy2/jdk.proxy2.$Proxy16.isDisplayed(Unknown Source)
at org.openqa.selenium.support.ui.ExpectedConditions.elementIfVisible(ExpectedConditions.java:308)
at org.openqa.selenium.support.ui.ExpectedConditions$10.apply(ExpectedConditions.java:294)
at org.openqa.selenium.support.ui.ExpectedConditions$10.apply(ExpectedConditions.java:291)
at org.openqa.selenium.support.ui.FluentWait.until(FluentWait.java:203)
... 29 more
]]>
    </error>
    <system-out>
      <![CDATA[Clear Gear Menu Verification Started .....]]>
    </system-out>
  </testcase> <!-- Verify_Active_Module_In_Alert -->
  <testcase classname="com.cleargearFunctional.testcases.Login_to_App_Verify_Active_Module_In_Alert" name="Verify_Active_Module_In_Alert" time="50.862">
    <error message="Expected condition failed: waiting for visibility of Proxy element for: DefaultElementLocator &#039;By.xpath: //span[.=&#039;ACTIVE ALERTS&#039;]&#039; (tried for 30 second(s) with 500 milliseconds interval)" type="org.openqa.selenium.TimeoutException">
      <![CDATA[org.openqa.selenium.TimeoutException: Expected condition failed: waiting for visibility of Proxy element for: DefaultElementLocator 'By.xpath: //span[.='ACTIVE ALERTS']' (tried for 30 second(s) with 500 milliseconds interval)
at org.openqa.selenium.support.ui.WebDriverWait.timeoutException(WebDriverWait.java:84)
at org.openqa.selenium.support.ui.FluentWait.until(FluentWait.java:228)
at com.cleargear.pages.POM_ActiveModuleCG.verifyElement(POM_ActiveModuleCG.java:62)
at com.cleargear.pages.POM_ActiveModuleCG.verifyActiveAlertsModule(POM_ActiveModuleCG.java:86)
at com.cleargearFunctional.testcases.Login_to_App_Verify_Active_Module_In_Alert.Verify_Active_Module_In_Alert(Login_to_App_Verify_Active_Module_In_Alert.java:17)
at java.base/jdk.internal.reflect.DirectMethodHandleAccessor.invoke(DirectMethodHandleAccessor.java:104)
at java.base/java.lang.reflect.Method.invoke(Method.java:577)
at org.testng.internal.invokers.MethodInvocationHelper.invokeMethod(MethodInvocationHelper.java:141)
at org.testng.internal.invokers.TestInvoker.invokeMethod(TestInvoker.java:686)
at org.testng.internal.invokers.TestInvoker.invokeTestMethod(TestInvoker.java:230)
at org.testng.internal.invokers.MethodRunner.runInSequence(MethodRunner.java:63)
at org.testng.internal.invokers.TestInvoker$MethodInvocationAgent.invoke(TestInvoker.java:992)
at org.testng.internal.invokers.TestInvoker.invokeTestMethods(TestInvoker.java:203)
at org.testng.internal.invokers.TestMethodWorker.invokeTestMethods(TestMethodWorker.java:154)
at org.testng.internal.invokers.TestMethodWorker.run(TestMethodWorker.java:134)
at java.base/java.util.ArrayList.forEach(ArrayList.java:1511)
at org.testng.TestRunner.privateRun(TestRunner.java:739)
at org.testng.TestRunner.run(TestRunner.java:614)
at org.testng.SuiteRunner.runTest(SuiteRunner.java:421)
at org.testng.SuiteRunner.runSequentially(SuiteRunner.java:413)
at org.testng.SuiteRunner.privateRun(SuiteRunner.java:373)
at org.testng.SuiteRunner.run(SuiteRunner.java:312)
at org.testng.SuiteRunnerWorker.runSuite(SuiteRunnerWorker.java:52)
at org.testng.SuiteRunnerWorker.run(SuiteRunnerWorker.java:95)
at org.testng.TestNG.runSuitesSequentially(TestNG.java:1274)
at org.testng.TestNG.runSuitesLocally(TestNG.java:1208)
at org.testng.TestNG.runSuites(TestNG.java:1112)
at org.testng.TestNG.run(TestNG.java:1079)
at org.testng.remote.AbstractRemoteTestNG.run(AbstractRemoteTestNG.java:115)
at org.testng.remote.RemoteTestNG.initAndRun(RemoteTestNG.java:293)
at org.testng.remote.RemoteTestNG.main(RemoteTestNG.java:91)
Caused by: org.openqa.selenium.NoSuchElementException: no such element: Unable to locate element: {"method":"xpath","selector":"//span[.='ACTIVE ALERTS']"}
  (Session info: chrome=144.0.7559.97)
For documentation on this error, please visit: https://www.selenium.dev/documentation/webdriver/troubleshooting/errors#nosuchelementexception
Build info: version: '4.39.0', revision: '126f156aee'
System info: os.name: 'Windows 11', os.arch: 'amd64', os.version: '10.0', java.version: '18.0.2.1'
Driver info: org.openqa.selenium.chrome.ChromeDriver
Command: [e56a96f017e29e79e56c4ed3eee9cea7, findElement {value=//span[.='ACTIVE ALERTS'], using=xpath}]
Capabilities {acceptInsecureCerts: false, browserName: chrome, browserVersion: 144.0.7559.97, chrome: {chromedriverVersion: 144.0.7559.133 (7da823b1d59..., userDataDir: C:\Users\STL\AppData\Local\...}, fedcm:accounts: true, goog:chromeOptions: {debuggerAddress: localhost:63697}, goog:processID: 3548, networkConnectionEnabled: false, pageLoadStrategy: normal, platformName: windows, proxy: Proxy(), se:cdp: ws://localhost:63697/devtoo..., se:cdpVersion: 144.0.7559.97, setWindowRect: true, strictFileInteractability: false, timeouts: {implicit: 0, pageLoad: 300000, script: 30000}, unhandledPromptBehavior: dismiss and notify, webauthn:extension:credBlob: true, webauthn:extension:largeBlob: true, webauthn:extension:minPinLength: true, webauthn:extension:prf: true, webauthn:virtualAuthenticators: true}
Session ID: e56a96f017e29e79e56c4ed3eee9cea7
at java.base/jdk.internal.reflect.DirectConstructorHandleAccessor.newInstance(DirectConstructorHandleAccessor.java:67)
at java.base/java.lang.reflect.Constructor.newInstanceWithCaller(Constructor.java:499)
at java.base/java.lang.reflect.Constructor.newInstance(Constructor.java:483)
at org.openqa.selenium.remote.ErrorCodec.decode(ErrorCodec.java:167)
at org.openqa.selenium.remote.codec.w3c.W3CHttpResponseCodec.decode(W3CHttpResponseCodec.java:142)
at org.openqa.selenium.remote.codec.w3c.W3CHttpResponseCodec.decode(W3CHttpResponseCodec.java:49)
at org.openqa.selenium.remote.HttpCommandExecutor.execute(HttpCommandExecutor.java:215)
at org.openqa.selenium.remote.service.DriverCommandExecutor.invokeExecute(DriverCommandExecutor.java:216)
at org.openqa.selenium.remote.service.DriverCommandExecutor.execute(DriverCommandExecutor.java:174)
at org.openqa.selenium.remote.RemoteWebDriver.execute(RemoteWebDriver.java:561)
at org.openqa.selenium.remote.ElementLocation$ElementFinder$2.findElement(ElementLocation.java:166)
at org.openqa.selenium.remote.ElementLocation.findElement(ElementLocation.java:60)
at org.openqa.selenium.remote.RemoteWebDriver.findElement(RemoteWebDriver.java:384)
at org.openqa.selenium.remote.RemoteWebDriver.findElement(RemoteWebDriver.java:378)
at org.openqa.selenium.support.pagefactory.DefaultElementLocator.findElement(DefaultElementLocator.java:68)
at org.openqa.selenium.support.pagefactory.internal.LocatingElementHandler.invoke(LocatingElementHandler.java:38)
at jdk.proxy2/jdk.proxy2.$Proxy16.isDisplayed(Unknown Source)
at org.openqa.selenium.support.ui.ExpectedConditions.elementIfVisible(ExpectedConditions.java:308)
at org.openqa.selenium.support.ui.ExpectedConditions$10.apply(ExpectedConditions.java:294)
at org.openqa.selenium.support.ui.ExpectedConditions$10.apply(ExpectedConditions.java:291)
at org.openqa.selenium.support.ui.FluentWait.until(FluentWait.java:203)
... 29 more
]]>
    </error>
    <system-out>
      <![CDATA[Clear Gear Menu Verification Started .....]]>
    </system-out>
  </testcase> <!-- Verify_Active_Module_In_Alert -->
  <system-out>
    <![CDATA[Main Menu Verification Started .....
Welcome_User_Text Displayed :- true
Welcome_User_Text Height :- 24
Welcome_User_Text Width :- 182
Welcome_User_Text Text :- Welcome John Tompson!
Operations Overview Button Displayed :- true
Operations Overview Button Height :- 248
Operations Overview Button Width :- 192
Operations Overview Button Text :- Operations Overview
Clear Flow Button Displayed :- true
Clear Flow Button Height :- 248
Clear Flow Button Width :- 192
Clear Flow Button Text :- Clear Flow
Clear Gear Button Displayed :- true
Clear Gear Button Height :- 248
Clear Gear Button Width :- 192
Clear Gear Button Text :- Clear Gear
Clear Team Button Displayed :- true
Clear Team Button Height :- 248
Clear Team Button Width :- 192
Clear Team Button Text :- Clear Team
Clear Slot Button Displayed :- true
Clear Slot Button Height :- 248
Clear Slot Button Width :- 192
Clear Slot Button Text :- Clear Slot
System Health Button Displayed :- true
System Health Button Height :- 248
System Health Button Width :- 192
System Health Button Text :- System Health
User Management Button Displayed :- true
User Management Button Height :- 248
User Management Button Width :- 192
User Management Button Text :- User Management
Settings Button Displayed :- true
Settings Button Height :- 248
Settings Button Width :- 192
Settings Button Text :- Settings
Logout Validation Done .....
Main Menu Navigation Validation Started .....
Logout Validation Done .....
User Management Page Verification done.....
USER MANAGEMENT Header Displayed :- true
USER MANAGEMENT Header Height :- 24
USER MANAGEMENT Header Width :- 168
USER MANAGEMENT Header Text :- USER MANAGEMENT
Username Column Displayed :- true
Username Column Height :- 20
Username Column Width :- 66
Username Column Text :- Username
Employee ID Column Displayed :- true
Employee ID Column Height :- 20
Employee ID Column Width :- 81
Employee ID Column Text :- Employee ID
Name Column Displayed :- true
Name Column Height :- 20
Name Column Width :- 38
Name Column Text :- Name
Email Column Displayed :- true
Email Column Height :- 20
Email Column Width :- 36
Email Column Text :- Email
Profile Column Displayed :- true
Profile Column Height :- 20
Profile Column Width :- 41
Profile Column Text :- Profile
Language Column Displayed :- true
Language Column Height :- 20
Language Column Width :- 63
Language Column Text :- Language
Actions Column Displayed :- true
Actions Column Height :- 20
Actions Column Width :- 48
Actions Column Text :- Actions
Create New User Table Data Displayed :- true
Create New User Table Data Height :- 133
Create New User Table Data Width :- 1414
Create New User Table Data Displayed :- true
Create New User Table Data Height :- 133
Create New User Table Data Width :- 1414
User Management Page Verification Done .....
Logout Validation Started .....
Logout Validation Done .....
User Management Page Verification Done .....
createNewUserPopupValidation Done .....
Logout Validation Done .....
Create New User Header Displayed :- true
Create New User Header Height :- 28
Create New User Header Width :- 231
Employee ID Label Displayed :- true
Employee ID Label Height :- 24
Employee ID Label Width :- 107
Employee ID Textbox Displayed :- true
Employee ID Textbox Height :- 40
Employee ID Textbox Width :- 448
First Name Label Displayed :- true
First Name Label Height :- 24
First Name Label Width :- 93
First Name Textbox Displayed :- true
First Name Textbox Height :- 40
First Name Textbox Width :- 216
Last Name Label Displayed :- true
Last Name Label Height :- 24
Last Name Label Width :- 91
Last Name Textbox Displayed :- true
Last Name Textbox Height :- 40
Last Name Textbox Width :- 216
Email Label Displayed :- true
Email Label Height :- 24
Email Label Width :- 53
Email Textbox Displayed :- true
Email Textbox Height :- 40
Email Textbox Width :- 448
Clear Gear Menu Navigation Validation Started .....
Clear Gear Menu Verification Started .....
Clear Gear Menu Verification Started .....
Clear Gear Menu Verification Started .....
Start Date Label Displayed :- true
Start Date Label Height :- 24
Start Date Label Width :- 76
Start Date Label Text :- Start Date
Start Date TextField Displayed :- true
Start Date TextField Height :- 40
Start Date TextField Width :- 638
Start Date TextField Text :- 02/
09/
2026
End Date Label Displayed :- true
End Date Label Height :- 24
End Date Label Width :- 69
End Date Label Text :- End Date
End Date TextField Displayed :- true
End Date TextField Height :- 40
End Date TextField Width :- 638
End Date TextField Text :- 02/
09/
2026
Search Button Displayed :- true
Search Button Height :- 40
Search Button Width :- 111
Search Button Text :- Search
Entered Start Date :- 02/01/2026
Entered End Date :- 03/01/2026
Clicked on Search button
Logout Validation Done .....
Sign_in_Page_Header is Displayed :-true
Sign_in_Page_Header  Height is :-40
Sign_in_Page_Header  Width is :-477
Sign_in_Page_Header text is :-Sign In
UsernameTab is Displayed :-true
UsernameTab Height is :-52
UsernameTab Width is :-238
UsernameTab text is :-Username
BadgeTab is Displayed :-true
BadgeTab Height is :-52
BadgeTab Width is :-238
BadgeTab text is :-Badge
Username_Text_Field is Displayed :-true
Username_Text_Field Height is :-23
Username_Text_Field Width is :-417
Password_Text_Field is Displayed :-true
Password_Text_Field  Height is :-23
Password_Text_Field  Width is :-377
Show_Password_Button is Displayed :-true
Show_Password_Button is Enabled  :-true
Username_Text_Field is Displayed :-true
Username_Text_Field Height is :-20
Username_Text_Field Width is :-105
Main Menu Verification Started .....
Welcome_User_Text Displayed :- true
Welcome_User_Text Height :- 24
Welcome_User_Text Width :- 182
Welcome_User_Text Text :- Welcome John Tompson!
Operations Overview Button Displayed :- true
Operations Overview Button Height :- 248
Operations Overview Button Width :- 192
Operations Overview Button Text :- Operations Overview
Clear Flow Button Displayed :- true
Clear Flow Button Height :- 248
Clear Flow Button Width :- 192
Clear Flow Button Text :- Clear Flow
Clear Gear Button Displayed :- true
Clear Gear Button Height :- 248
Clear Gear Button Width :- 192
Clear Gear Button Text :- Clear Gear
Clear Team Button Displayed :- true
Clear Team Button Height :- 248
Clear Team Button Width :- 192
Clear Team Button Text :- Clear Team
Clear Slot Button Displayed :- true
Clear Slot Button Height :- 248
Clear Slot Button Width :- 192
Clear Slot Button Text :- Clear Slot
System Health Button Displayed :- true
System Health Button Height :- 248
System Health Button Width :- 192
System Health Button Text :- System Health
User Management Button Displayed :- true
User Management Button Height :- 248
User Management Button Width :- 192
User Management Button Text :- User Management
Settings Button Displayed :- true
Settings Button Height :- 248
Settings Button Width :- 192
Settings Button Text :- Settings
Logout Validation Done .....
Main Menu Navigation Validation Started .....
Logout Validation Done .....
User Management Page Verification done.....
USER MANAGEMENT Header Displayed :- true
USER MANAGEMENT Header Height :- 24
USER MANAGEMENT Header Width :- 168
USER MANAGEMENT Header Text :- USER MANAGEMENT
Username Column Displayed :- true
Username Column Height :- 20
Username Column Width :- 66
Username Column Text :- Username
Employee ID Column Displayed :- true
Employee ID Column Height :- 20
Employee ID Column Width :- 81
Employee ID Column Text :- Employee ID
Name Column Displayed :- true
Name Column Height :- 20
Name Column Width :- 38
Name Column Text :- Name
Email Column Displayed :- true
Email Column Height :- 20
Email Column Width :- 36
Email Column Text :- Email
Profile Column Displayed :- true
Profile Column Height :- 20
Profile Column Width :- 41
Profile Column Text :- Profile
Language Column Displayed :- true
Language Column Height :- 20
Language Column Width :- 63
Language Column Text :- Language
Actions Column Displayed :- true
Actions Column Height :- 20
Actions Column Width :- 48
Actions Column Text :- Actions
Create New User Table Data Displayed :- true
Create New User Table Data Height :- 133
Create New User Table Data Width :- 1406
Create New User Table Data Displayed :- true
Create New User Table Data Height :- 133
Create New User Table Data Width :- 1406
User Management Page Verification Done .....
Logout Validation Started .....
Logout Validation Done .....
User Management Page Verification Done .....
createNewUserPopupValidation Done .....
Logout Validation Done .....
Create New User Header Displayed :- true
Create New User Header Height :- 28
Create New User Header Width :- 231
Employee ID Label Displayed :- true
Employee ID Label Height :- 24
Employee ID Label Width :- 107
Employee ID Textbox Displayed :- true
Employee ID Textbox Height :- 40
Employee ID Textbox Width :- 448
First Name Label Displayed :- true
First Name Label Height :- 24
First Name Label Width :- 93
First Name Textbox Displayed :- true
First Name Textbox Height :- 40
First Name Textbox Width :- 216
Last Name Label Displayed :- true
Last Name Label Height :- 24
Last Name Label Width :- 91
Last Name Textbox Displayed :- true
Last Name Textbox Height :- 40
Last Name Textbox Width :- 216
Email Label Displayed :- true
Email Label Height :- 24
Email Label Width :- 53
Email Textbox Displayed :- true
Email Textbox Height :- 40
Email Textbox Width :- 448
Clear Gear Menu Navigation Validation Started .....
Clear Gear Menu Verification Started .....
Clear Gear Menu Verification Started .....
Clear Gear Menu Verification Started .....
Start Date Label Displayed :- true
Start Date Label Height :- 24
Start Date Label Width :- 76
Start Date Label Text :- Start Date
Start Date TextField Displayed :- true
Start Date TextField Height :- 40
Start Date TextField Width :- 634
Start Date TextField Text :- 02/
09/
2026
End Date Label Displayed :- true
End Date Label Height :- 24
End Date Label Width :- 69
End Date Label Text :- End Date
End Date TextField Displayed :- true
End Date TextField Height :- 40
End Date TextField Width :- 634
End Date TextField Text :- 02/
09/
2026
Search Button Displayed :- true
Search Button Height :- 40
Search Button Width :- 111
Search Button Text :- Search
Entered Start Date :- 02/01/2026
Entered End Date :- 03/01/2026
Clicked on Search button
Logout Validation Done .....
Sign_in_Page_Header is Displayed :-true
Sign_in_Page_Header  Height is :-40
Sign_in_Page_Header  Width is :-476
Sign_in_Page_Header text is :-Sign In
UsernameTab is Displayed :-true
UsernameTab Height is :-52
UsernameTab Width is :-238
UsernameTab text is :-Username
BadgeTab is Displayed :-true
BadgeTab Height is :-52
BadgeTab Width is :-238
BadgeTab text is :-Badge
Username_Text_Field is Displayed :-true
Username_Text_Field Height is :-28
Username_Text_Field Width is :-416
Password_Text_Field is Displayed :-true
Password_Text_Field  Height is :-28
Password_Text_Field  Width is :-376
Show_Password_Button is Displayed :-true
Show_Password_Button is Enabled  :-true
Username_Text_Field is Displayed :-true
Username_Text_Field Height is :-20
Username_Text_Field Width is :-105
Main Menu Verification Started .....
Welcome_User_Text Displayed :- true
Welcome_User_Text Height :- 24
Welcome_User_Text Width :- 176
Welcome_User_Text Text :- Welcome John Tompson!
Operations Overview Button Displayed :- true
Operations Overview Button Height :- 248
Operations Overview Button Width :- 192
Operations Overview Button Text :- Operations Overview
Clear Flow Button Displayed :- true
Clear Flow Button Height :- 248
Clear Flow Button Width :- 192
Clear Flow Button Text :- Clear Flow
Clear Gear Button Displayed :- true
Clear Gear Button Height :- 248
Clear Gear Button Width :- 192
Clear Gear Button Text :- Clear Gear
Clear Team Button Displayed :- true
Clear Team Button Height :- 248
Clear Team Button Width :- 192
Clear Team Button Text :- Clear Team
Clear Slot Button Displayed :- true
Clear Slot Button Height :- 248
Clear Slot Button Width :- 192
Clear Slot Button Text :- Clear Slot
System Health Button Displayed :- true
System Health Button Height :- 248
System Health Button Width :- 192
System Health Button Text :- System Health
User Management Button Displayed :- true
User Management Button Height :- 248
User Management Button Width :- 192
User Management Button Text :- User Management
Settings Button Displayed :- true
Settings Button Height :- 248
Settings Button Width :- 192
Settings Button Text :- Settings
Logout Validation Done .....
Main Menu Navigation Validation Started .....
Logout Validation Done .....
User Management Page Verification done.....
USER MANAGEMENT Header Displayed :- true
USER MANAGEMENT Header Height :- 24
USER MANAGEMENT Header Width :- 168
USER MANAGEMENT Header Text :- USER MANAGEMENT
Username Column Displayed :- true
Username Column Height :- 20
Username Column Width :- 65
Username Column Text :- Username
Employee ID Column Displayed :- true
Employee ID Column Height :- 20
Employee ID Column Width :- 80
Employee ID Column Text :- Employee ID
Name Column Displayed :- true
Name Column Height :- 20
Name Column Width :- 37
Name Column Text :- Name
Email Column Displayed :- true
Email Column Height :- 20
Email Column Width :- 35
Email Column Text :- Email
Profile Column Displayed :- true
Profile Column Height :- 20
Profile Column Width :- 40
Profile Column Text :- Profile
Language Column Displayed :- true
Language Column Height :- 20
Language Column Width :- 62
Language Column Text :- Language
Actions Column Displayed :- true
Actions Column Height :- 20
Actions Column Width :- 48
Actions Column Text :- Actions
Create New User Table Data Displayed :- true
Create New User Table Data Height :- 132
Create New User Table Data Width :- 1414
Create New User Table Data Displayed :- true
Create New User Table Data Height :- 132
Create New User Table Data Width :- 1414
User Management Page Verification Done .....
Logout Validation Started .....
Logout Validation Done .....
User Management Page Verification Done .....
createNewUserPopupValidation Done .....
Logout Validation Done .....
Create New User Header Displayed :- true
Create New User Header Height :- 28
Create New User Header Width :- 230
Employee ID Label Displayed :- true
Employee ID Label Height :- 24
Employee ID Label Width :- 106
Employee ID Textbox Displayed :- true
Employee ID Textbox Height :- 40
Employee ID Textbox Width :- 448
First Name Label Displayed :- true
First Name Label Height :- 24
First Name Label Width :- 92
First Name Textbox Displayed :- true
First Name Textbox Height :- 40
First Name Textbox Width :- 216
Last Name Label Displayed :- true
Last Name Label Height :- 24
Last Name Label Width :- 91
Last Name Textbox Displayed :- true
Last Name Textbox Height :- 40
Last Name Textbox Width :- 216
Email Label Displayed :- true
Email Label Height :- 24
Email Label Width :- 53
Email Textbox Displayed :- true
Email Textbox Height :- 40
Email Textbox Width :- 448
Clear Gear Menu Navigation Validation Started .....
Clear Gear Menu Verification Started .....
Clear Gear Menu Verification Started .....
Clear Gear Menu Verification Started .....
Start Date Label Displayed :- true
Start Date Label Height :- 24
Start Date Label Width :- 75
Start Date Label Text :- Start Date
Start Date TextField Displayed :- true
Start Date TextField Height :- 40
Start Date TextField Width :- 637
Start Date TextField Text :- 02/
09/
2026
End Date Label Displayed :- true
End Date Label Height :- 24
End Date Label Width :- 69
End Date Label Text :- End Date
End Date TextField Displayed :- true
End Date TextField Height :- 40
End Date TextField Width :- 637
End Date TextField Text :- 02/
09/
2026
Search Button Displayed :- true
Search Button Height :- 40
Search Button Width :- 111
Search Button Text :- Search
Entered Start Date :- 02/01/2026
Entered End Date :- 03/01/2026
Clicked on Search button
Logout Validation Done .....]]>
  </system-out>
</testsuite> <!-- com.cleargearFunctional.testcases.Login_to_App_Verify_Active_Module_In_Alert -->
